Log file open, 06/28/17 14:56:25
LogInit:Display: Running engine for game: Runnessance
LogPlatformFile: Not using cached read wrapper
LogInit:Display: RandInit(-1889361890) SRandInit(-1889361889).
LogTaskGraph: Started task graph with 5 named threads and 8 total threads with 1 sets of task threads.
LogStats: Stats thread started at 0.084643
LogInit: Using libcurl 7.47.1
LogInit:  - built for x86_64-pc-win32
LogInit:  - supports SSL with OpenSSL/1.0.2g
LogInit:  - supports HTTP deflate (compression) using libz 1.2.8
LogInit:  - other features:
LogInit:      CURL_VERSION_SSL
LogInit:      CURL_VERSION_LIBZ
LogInit:      CURL_VERSION_IPV6
LogInit:      CURL_VERSION_ASYNCHDNS
LogInit:      CURL_VERSION_LARGEFILE
LogInit:      CURL_VERSION_IDN
LogInit:  CurlRequestOptions (configurable via config and command line):
LogInit:  - bVerifyPeer = false  - Libcurl will NOT verify peer certificate
LogInit:  - bUseHttpProxy = false  - Libcurl will NOT use HTTP proxy
LogInit:  - bDontReuseConnections = false  - Libcurl will reuse connections
LogInit:  - CertBundlePath = nullptr  - Libcurl will use whatever was configured at build time.
LogInit: Build: ++UE4+Release-4.15-CL-3450819
LogInit: Engine Version: 4.15.3-3450819+++UE4+Release-4.15
LogInit: Compatible Engine Version: 4.15.0-3299760+++UE4+Release-4.15
LogInit: Net CL: 3299760
LogDevObjectVersion: Number of dev versions registered: 14
LogDevObjectVersion:   Dev-Blueprints (B0D832E4-1F89-4F0D-ACCF-7EB736FD4AA2): 8
LogDevObjectVersion:   Dev-Build (E1C64328-A22C-4D53-A36C-8E866417BD8C): 0
LogDevObjectVersion:   Dev-Core (375EC13C-06E4-48FB-B500-84F0262A717E): 2
LogDevObjectVersion:   Dev-Editor (E4B068ED-F494-42E9-A231-DA0B2E46BB41): 14
LogDevObjectVersion:   Dev-Framework (CFFC743F-43B0-4480-9391-14DF171D2073): 22
LogDevObjectVersion:   Dev-Mobile (B02B49B5-BB20-44E9-A304-32B752E40360): 0
LogDevObjectVersion:   Dev-Networking (A4E4105C-59A1-49B5-A7C5-40C4547EDFEE): 0
LogDevObjectVersion:   Dev-Online (39C831C9-5AE6-47DC-9A44-9C173E1C8E7C): 0
LogDevObjectVersion:   Dev-Physics (78F01B33-EBEA-4F98-B9B4-84EACCB95AA2): 0
LogDevObjectVersion:   Dev-Platform (6631380F-2D4D-43E0-8009-CF276956A95A): 0
LogDevObjectVersion:   Dev-Rendering (12F88B9F-8875-4AFC-A67C-D90C383ABD29): 12
LogDevObjectVersion:   Dev-Sequencer (7B5AE74C-D270-4C10-A958-57980B212A5A): 3
LogDevObjectVersion:   Dev-VR (D7296918-1DD6-4BDD-9DE2-64A83CC13884): 0
LogDevObjectVersion:   Dev-LoadTimes (C2A15278-BFE7-4AFE-6C17-90FF531DF755): 1
LogInit: Compiled (64-bit): May 21 2017 11:02:34
LogInit: Compiled with Visual C++: 19.00.23026.00
LogInit: Build Configuration: Development
LogInit: Branch Name: ++UE4+Release-4.15
LogInit: Command line: -EpicPortal 
LogInit: Base directory: C:/Program Files (x86)/Epic Games/UE_4.15/Engine/Binaries/Win64/
LogInit: Installed Engine Build: 1
LogInit: Presizing for max 8388607 objects, including 0 objects not considered by GC, pre-allocating 0 bytes for permanent pool.
LogInit: Object subsystem initialized
[2017.06.28-05.56.26:071][  0]LogInit: Selected Device Profile: [Windows]
[2017.06.28-05.56.26:071][  0]LogInit: Applying CVar settings loaded from the selected device profile: [Windows]
[2017.06.28-05.56.26:089][  0]LogInit: Computer: DESKTOP-3N3DDN1
[2017.06.28-05.56.26:089][  0]LogInit: User: CIEN
[2017.06.28-05.56.26:089][  0]LogInit: CPU Page size=65536, Cores=4
[2017.06.28-05.56.26:089][  0]LogInit: High frequency timer resolution =2.648442 MHz
[2017.06.28-05.56.26:089][  0]LogMemory: Memory total: Physical=16.0GB (16GB approx)
[2017.06.28-05.56.26:089][  0]LogMemory: Platform Memory Stats for Windows
[2017.06.28-05.56.26:089][  0]LogMemory: Process Physical Memory: 263.33 MB used, 263.33 MB peak
[2017.06.28-05.56.26:089][  0]LogMemory: Process Virtual Memory: 262.20 MB used, 262.20 MB peak
[2017.06.28-05.56.26:089][  0]LogMemory: Physical Memory: 6978.77 MB used,  9368.01 MB free, 16346.78 MB total
[2017.06.28-05.56.26:089][  0]LogMemory: Virtual Memory: 648.77 MB used,  9368.01 MB free, 134217728.00 MB total
[2017.06.28-05.56.26:198][  0]LogTextLocalizationManager: No specific translations for ('ko-KR') exist, so ('ko') translations will be used.
[2017.06.28-05.56.26:250][  0]LogTextLocalizationManager:Warning: Loaded localization resources contain conflicting entries for (Namespace:KismetSchema, Key:Default):
Localization Resource: (C:/Program Files (x86)/Epic Games/UE_4.15/Engine/Content/Localization/EditorTutorials/ko/EditorTutorials.locres) Source String Hash: (940523119) Localized String: (디폴트)
Localization Resource: (C:/Program Files (x86)/Epic Games/UE_4.15/Engine/Content/Localization/Engine/ko/Engine.locres) Source String Hash: (940523119) Localized String: (기본)
[2017.06.28-05.56.26:250][  0]LogTextLocalizationManager:Warning: Loaded localization resources contain conflicting entries for (Namespace:UObjectToolTips, Key:AnimNode_AssetPlayerBase:InternalTimeAccumulator):
Localization Resource: (C:/Program Files (x86)/Epic Games/UE_4.15/Engine/Content/Localization/EditorTutorials/ko/EditorTutorials.locres) Source String Hash: (502993589) Localized String: (이 노드에서 애셋을 레퍼런싱하는 데 사용되는 누적 시간입니다.)
Localization Resource: (C:/Program Files (x86)/Epic Games/UE_4.15/Engine/Content/Localization/ToolTips/ko/ToolTips.locres) Source String Hash: (502993589) Localized String: (내부 시간 누산기 - 이 노드에서 애셋을 레퍼런싱하는 데 사용된 누적 시간입니다.)
Localization Resource: (C:/Program Files (x86)/Epic Games/UE_4.15/Engine/Content/Localization/Engine/ko/Engine.locres) Source String Hash: (502993589) Localized String: (이 노드에서 애셋을 레퍼런싱하는 데 사용된 누적 시간입니다.)
[2017.06.28-05.56.26:250][  0]LogTextLocalizationManager:Warning: Loaded localization resources contain conflicting entries for (Namespace:UObjectToolTips, Key:AnimNode_AssetPlayerBase:bIgnoreForRelevancyTest):
Localization Resource: (C:/Program Files (x86)/Epic Games/UE_4.15/Engine/Content/Localization/EditorTutorials/ko/EditorTutorials.locres) Source String Hash: (319969718) Localized String: (True 면, 스테이트에서 최고 가중치 애니메이션을 찾는 "Relevant anim" 노드는 이 노드를 무시합니다.
 )
Localization Resource: (C:/Program Files (x86)/Epic Games/UE_4.15/Engine/Content/Localization/ToolTips/ko/ToolTips.locres) Source String Hash: (319969718) Localized String: (연관성 테스트에 무시 - true 인 경우 스테이트 내 최고 웨이팅된 애니메이션을 찾는 "Relevant anim" (연관 애님) 노드가
이 노드를 무시합니다.)
Localization Resource: (C:/Program Files (x86)/Epic Games/UE_4.15/Engine/Content/Localization/Engine/ko/Engine.locres) Source String Hash: (319969718) Localized String: (True 면 스테이트 내 최고 웨이팅된 애니메이션을 찾는 "Relevant anim" 노드가 무시됩니다.
 )
[2017.06.28-05.56.26:250][  0]LogTextLocalizationManager:Warning: Loaded localization resources contain conflicting entries for (Namespace:UObjectToolTips, Key:AnimNode_AssetPlayerBase:BlendWeight):
Localization Resource: (C:/Program Files (x86)/Epic Games/UE_4.15/Engine/Content/Localization/EditorTutorials/ko/EditorTutorials.locres) Source String Hash: (-1232800293) Localized String: (이 노드에 마지막 걸린 블렌드웨이트 입니다.)
Localization Resource: (C:/Program Files (x86)/Epic Games/UE_4.15/Engine/Content/Localization/ToolTips/ko/ToolTips.locres) Source String Hash: (-1232800293) Localized String: (블렌드 웨이트 - 이 노드에 대해 마지막으로 접한 블렌드 웨이트입니다.)
Localization Resource: (C:/Program Files (x86)/Epic Games/UE_4.15/Engine/Content/Localization/Engine/ko/Engine.locres) Source String Hash: (-1232800293) Localized String: (이 노드에 대해 마지막 접한 블렌드 웨이트)
[2017.06.28-05.56.26:250][  0]LogTextLocalizationManager:Warning: Loaded localization resources contain conflicting entries for (Namespace:UObjectToolTips, Key:AnimNode_BlendSpacePlayer:bLoop):
Localization Resource: (C:/Program Files (x86)/Epic Games/UE_4.15/Engine/Content/Localization/EditorTutorials/ko/EditorTutorials.locres) Source String Hash: (2133979316) Localized String: (애니메이션이 끝까지 재생되면 반복할까요?)
Localization Resource: (C:/Program Files (x86)/Epic Games/UE_4.15/Engine/Content/Localization/ToolTips/ko/ToolTips.locres) Source String Hash: (2133979316) Localized String: (루프 - 애니메이션이 끝에 도달했을 때 계속 반복할까요?)
[2017.06.28-05.56.26:250][  0]LogTextLocalizationManager:Warning: Loaded localization resources contain conflicting entries for (Namespace:UObjectToolTips, Key:AnimNode_StateMachine:bSkipFirstUpdateTransition):
Localization Resource: (C:/Program Files (x86)/Epic Games/UE_4.15/Engine/Content/Localization/EditorTutorials/ko/EditorTutorials.locres) Source String Hash: (1865475011) Localized String: (첫 업데이트시 도입 상태에서의 트랜지션을 건너뛸까요? 
기본은 true 로, 첫 업데이트시에는 트랜지션 데이터를 버립니다.)
Localization Resource: (C:/Program Files (x86)/Epic Games/UE_4.15/Engine/Content/Localization/ToolTips/ko/ToolTips.locres) Source String Hash: (1865475011) Localized String: (첫 번째 업데이트 트랜지션 건너뛰기 - 첫 번째 업데이트에서 입력 스테이트의 트랜지션을 건너뜁니까?
디폴트는 true 고 첫 번째 업데이트의 트랜지션 데이터를 버립니다.)
[2017.06.28-05.56.26:250][  0]LogTextLocalizationManager:Warning: Loaded localization resources contain conflicting entries for (Namespace:UObjectToolTips, Key:AnimNode_BlendSpacePlayer:X):
Localization Resource: (C:/Program Files (x86)/Epic Games/UE_4.15/Engine/Content/Localization/EditorTutorials/ko/EditorTutorials.locres) Source String Hash: (2060772590) Localized String: (블렌드스페이스에서 샘플링할 X 좌표입니다.)
Localization Resource: (C:/Program Files (x86)/Epic Games/UE_4.15/Engine/Content/Localization/ToolTips/ko/ToolTips.locres) Source String Hash: (2060772590) Localized String: (X - 블렌드스페이스 샘플의 X 좌표입니다.)
[2017.06.28-05.56.26:250][  0]LogTextLocalizationManager:Warning: Loaded localization resources contain conflicting entries for (Namespace:UObjectToolTips, Key:AnimNode_BlendSpacePlayer:Y):
Localization Resource: (C:/Program Files (x86)/Epic Games/UE_4.15/Engine/Content/Localization/EditorTutorials/ko/EditorTutorials.locres) Source String Hash: (-1719607538) Localized String: (블렌드스페이스에서 샘플링할 Y 좌표입니다.)
Localization Resource: (C:/Program Files (x86)/Epic Games/UE_4.15/Engine/Content/Localization/ToolTips/ko/ToolTips.locres) Source String Hash: (-1719607538) Localized String: (Y - 블렌드스페이스 샘플의 Y 좌표입니다.)
[2017.06.28-05.56.26:250][  0]LogTextLocalizationManager:Warning: Loaded localization resources contain conflicting entries for (Namespace:UObjectToolTips, Key:AnimNode_BlendSpacePlayer:Z):
Localization Resource: (C:/Program Files (x86)/Epic Games/UE_4.15/Engine/Content/Localization/EditorTutorials/ko/EditorTutorials.locres) Source String Hash: (1728943471) Localized String: (블렌드스페이스에서 샘플링할 Z 좌표입니다.)
Localization Resource: (C:/Program Files (x86)/Epic Games/UE_4.15/Engine/Content/Localization/ToolTips/ko/ToolTips.locres) Source String Hash: (1728943471) Localized String: (Z - 블렌드스페이스 샘플의 Z 좌표입니다.)
[2017.06.28-05.56.26:250][  0]LogTextLocalizationManager:Warning: Loaded localization resources contain conflicting entries for (Namespace:UObjectToolTips, Key:AnimNode_BlendSpacePlayer:BlendSpace):
Localization Resource: (C:/Program Files (x86)/Epic Games/UE_4.15/Engine/Content/Localization/EditorTutorials/ko/EditorTutorials.locres) Source String Hash: (1599043277) Localized String: (재생할 블렌드스페이스 애셋입니다.)
Localization Resource: (C:/Program Files (x86)/Epic Games/UE_4.15/Engine/Content/Localization/ToolTips/ko/ToolTips.locres) Source String Hash: (1599043277) Localized String: (블렌드스페이스 - 재생할 블렌드스페이스 애셋입니다.)
[2017.06.28-05.56.26:250][  0]LogTextLocalizationManager:Warning: Loaded localization resources contain conflicting entries for (Namespace:UObjectToolTips, Key:AnimNode_StateMachine:MaxTransitionsPerFrame):
Localization Resource: (C:/Program Files (x86)/Epic Games/UE_4.15/Engine/Content/Localization/EditorTutorials/ko/EditorTutorials.locres) Source String Hash: (1567650430) Localized String: (이 머신에서 한 프레임 내 '동시에' 취할 수 있는 트랜지션 최대 수입니다.)
Localization Resource: (C:/Program Files (x86)/Epic Games/UE_4.15/Engine/Content/Localization/ToolTips/ko/ToolTips.locres) Source String Hash: (1567650430) Localized String: (프레임 당 최대 트랜지션 - 한 프레임에서 이 머신이 동시에 취할 수 있는 트랜지션 최대 수입니다.)
[2017.06.28-05.56.26:250][  0]LogTextLocalizationManager:Warning: Loaded localization resources contain conflicting entries for (Namespace:UObjectToolTips, Key:AnimNode_BlendSpacePlayer:PlayRate):
Localization Resource: (C:/Program Files (x86)/Epic Games/UE_4.15/Engine/Content/Localization/EditorTutorials/ko/EditorTutorials.locres) Source String Hash: (-1274923958) Localized String: (재생 속도 배수입니다. 음수가 되면 애니메이션을 역순으로 재생하게 됩니다.)
Localization Resource: (C:/Program Files (x86)/Epic Games/UE_4.15/Engine/Content/Localization/ToolTips/ko/ToolTips.locres) Source String Hash: (-1274923958) Localized String: (재생 속도 - 재생 속도 배수입니다. 음수가 되면 애니메이션을 거꾸로 재생합니다.)
[2017.06.28-05.56.26:250][  0]LogTextLocalizationManager:Warning: Loaded localization resources contain conflicting entries for (Namespace:UObjectToolTips, Key:AnimNode_BlendSpacePlayer:StartPosition):
Localization Resource: (C:/Program Files (x86)/Epic Games/UE_4.15/Engine/Content/Localization/EditorTutorials/ko/EditorTutorials.locres) Source String Hash: (-207153555) Localized String: (시작 위치 범위는 [0,1] 이며, 재초기화시에만 적용됩니다.
루핑을 하면, 1 회전 후 0.f 부터 시작할 것입니다.)
Localization Resource: (C:/Program Files (x86)/Epic Games/UE_4.15/Engine/Content/Localization/ToolTips/ko/ToolTips.locres) Source String Hash: (-207153555) Localized String: (시작 위치 - [0, 1] 범위의 시작 위치로, 재초기화할 때만 적용됩니다.
반복하면 1회전 후 0.f 부터 시작됩니다.)
[2017.06.28-05.56.26:250][  0]LogTextLocalizationManager:Warning: Loaded localization resources contain conflicting entries for (Namespace:UObjectToolTips, Key:CameraFilmbackSettings:SensorWidth):
Localization Resource: (C:/Program Files (x86)/Epic Games/UE_4.15/Engine/Content/Localization/ToolTips/ko/ToolTips.locres) Source String Hash: (-1448580153) Localized String: (센서 폭 - 필름백 또는 디지털 센서의 가로 크기로, mm 단위입니다.)
Localization Resource: (C:/Program Files (x86)/Epic Games/UE_4.15/Engine/Content/Localization/Engine/ko/Engine.locres) Source String Hash: (-1448580153) Localized String: (필름백 또는 디지털 센서의 가로 크기로, mm 단위입니다.)
[2017.06.28-05.56.26:250][  0]LogTextLocalizationManager:Warning: Loaded localization resources contain conflicting entries for (Namespace:UObjectToolTips, Key:CameraFilmbackSettings:SensorAspectRatio):
Localization Resource: (C:/Program Files (x86)/Epic Games/UE_4.15/Engine/Content/Localization/ToolTips/ko/ToolTips.locres) Source String Hash: (-194807515) Localized String: (센서 종횡비 - 읽기 전용입니다. 센서 치수에서 계산했습니다.)
Localization Resource: (C:/Program Files (x86)/Epic Games/UE_4.15/Engine/Content/Localization/Engine/ko/Engine.locres) Source String Hash: (-194807515) Localized String: (읽기 전용입니다. 센서 크기에서 계산했습니다.)
[2017.06.28-05.56.26:250][  0]LogTextLocalizationManager:Warning: Loaded localization resources contain conflicting entries for (Namespace:UObjectToolTips, Key:AnimNode_SequencePlayer:bLoopAnimation):
Localization Resource: (C:/Program Files (x86)/Epic Games/UE_4.15/Engine/Content/Localization/ToolTips/ko/ToolTips.locres) Source String Hash: (2133979316) Localized String: (루프 - 애니메이션이 끝에 도달했을 때 계속 반복시켜야 할까요?)
Localization Resource: (C:/Program Files (x86)/Epic Games/UE_4.15/Engine/Content/Localization/Engine/ko/Engine.locres) Source String Hash: (2133979316) Localized String: (애니메이션이 끝에 도달하면 계속해서 루핑시킬것인지 입니다.)
[2017.06.28-05.56.26:250][  0]LogTextLocalizationManager:Warning: Loaded localization resources contain conflicting entries for (Namespace:UObjectToolTips, Key:AnimNode_SequencePlayer:Sequence):
Localization Resource: (C:/Program Files (x86)/Epic Games/UE_4.15/Engine/Content/Localization/ToolTips/ko/ToolTips.locres) Source String Hash: (421436424) Localized String: (시퀀스 - 재생할 애니메이션 시퀀스 애셋입니다.)
Localization Resource: (C:/Program Files (x86)/Epic Games/UE_4.15/Engine/Content/Localization/Engine/ko/Engine.locres) Source String Hash: (421436424) Localized String: (재생할 애니메이션 시퀀스 애셋입니다.)
[2017.06.28-05.56.26:250][  0]LogTextLocalizationManager:Warning: Loaded localization resources contain conflicting entries for (Namespace:UObjectToolTips, Key:AnimNode_SequencePlayer:PlayRate):
Localization Resource: (C:/Program Files (x86)/Epic Games/UE_4.15/Engine/Content/Localization/ToolTips/ko/ToolTips.locres) Source String Hash: (-1274923958) Localized String: (재생 속도 - 재생 속도 배수입니다. 음수가 될 수 있으며, 그러면 애니메이션이 거꾸로 재생됩니다.)
Localization Resource: (C:/Program Files (x86)/Epic Games/UE_4.15/Engine/Content/Localization/Engine/ko/Engine.locres) Source String Hash: (-1274923958) Localized String: (플레이 속도 배수입니다. 음수가 되면 애니메이션이 역방향으로 재생됩니다.)
[2017.06.28-05.56.26:250][  0]LogTextLocalizationManager:Warning: Loaded localization resources contain conflicting entries for (Namespace:UObjectToolTips, Key:AnimNode_SequencePlayer:StartPosition):
Localization Resource: (C:/Program Files (x86)/Epic Games/UE_4.15/Engine/Content/Localization/ToolTips/ko/ToolTips.locres) Source String Hash: (771611000) Localized String: (시작 위치 - 시작 위치로 재초기화할 때만 적용됩니다.
반복하면, 1회전 후 0.f 부터 시작됩니다.)
Localization Resource: (C:/Program Files (x86)/Epic Games/UE_4.15/Engine/Content/Localization/Engine/ko/Engine.locres) Source String Hash: (771611000) Localized String: (시작 위치로, 재초기화시에만 적용됩니다.
루핑을 하면, 1회전 후 0.f 부터 시작할 것입니다.)
[2017.06.28-05.56.26:250][  0]LogTextLocalizationManager:Warning: Loaded localization resources contain conflicting entries for (Namespace:UObjectToolTips, Key:CameraFilmbackSettings:SensorHeight):
Localization Resource: (C:/Program Files (x86)/Epic Games/UE_4.15/Engine/Content/Localization/ToolTips/ko/ToolTips.locres) Source String Hash: (-1311569777) Localized String: (센서 높이 - 필름백 또는 디지털 센서의 세로 크기로, mm 단위입니다.)
Localization Resource: (C:/Program Files (x86)/Epic Games/UE_4.15/Engine/Content/Localization/Engine/ko/Engine.locres) Source String Hash: (-1311569777) Localized String: (필름백 또는 디지털 센서의 세로 크기로, mm 단위입니다.)
[2017.06.28-05.56.26:638][  0]LogD3D11RHI: D3D11 adapters:
[2017.06.28-05.56.26:681][  0]LogD3D11RHI:    0. 'NVIDIA GeForce GTX 1050 Ti' (Feature Level 11_0)
[2017.06.28-05.56.26:681][  0]LogD3D11RHI:       4050/0/8173 MB DedicatedVideo/DedicatedSystem/SharedSystem, Outputs:1, VendorId:0x10de
[2017.06.28-05.56.26:683][  0]LogD3D11RHI:    1. 'Microsoft Basic Render Driver' (Feature Level 11_0)
[2017.06.28-05.56.26:683][  0]LogD3D11RHI:       0/0/8173 MB DedicatedVideo/DedicatedSystem/SharedSystem, Outputs:0, VendorId:0x1414
[2017.06.28-05.56.26:683][  0]LogD3D11RHI: Chosen D3D11 Adapter: 0
[2017.06.28-05.56.26:688][  0]LogD3D11RHI: Creating new Direct3DDevice
[2017.06.28-05.56.26:688][  0]LogD3D11RHI:     GPU DeviceId: 0x1c82 (for the marketing name, search the web for "GPU Device Id")
[2017.06.28-05.56.26:688][  0]LogWindows: EnumDisplayDevices:
[2017.06.28-05.56.26:688][  0]LogWindows:    0. 'NVIDIA GeForce GTX 1050 Ti' (P:1 D:1)
[2017.06.28-05.56.26:688][  0]LogWindows:    1. 'NVIDIA GeForce GTX 1050 Ti' (P:0 D:0)
[2017.06.28-05.56.26:688][  0]LogWindows:    2. 'NVIDIA GeForce GTX 1050 Ti' (P:0 D:0)
[2017.06.28-05.56.26:688][  0]LogWindows:    3. 'NVIDIA GeForce GTX 1050 Ti' (P:0 D:0)
[2017.06.28-05.56.26:688][  0]LogWindows: DebugString: FoundDriverCount:4 
[2017.06.28-05.56.26:688][  0]LogD3D11RHI:     Adapter Name: NVIDIA GeForce GTX 1050 Ti
[2017.06.28-05.56.26:688][  0]LogD3D11RHI:   Driver Version: 382.05 (internal:22.21.13.8205, unified:382.05)
[2017.06.28-05.56.26:688][  0]LogD3D11RHI:      Driver Date: 5-1-2017
[2017.06.28-05.56.26:688][  0]LogRHI: Texture pool is 1361 MB (70% of 1945 MB)
[2017.06.28-05.56.26:719][  0]LogD3D11RHI: Async texture creation enabled
[2017.06.28-05.56.26:736][  0]LogD3D11RHI: GPU Timing Frequency: 1000.000000 (Debug: 2 2)
[2017.06.28-05.56.26:784][  0]LogShaderCompilers: Guid format shader working directory is -22 characters bigger than the processId version (../../../../../../Users/CIEN/Documents/Git/Runnessance/Runnessance/Intermediate/Shaders/WorkingDirectory/13452/).
[2017.06.28-05.56.26:784][  0]LogShaderCompilers: Cleaned the shader compiler working directory 'C:/Users/CIEN/AppData/Local/Temp/UnrealShaderWorkingDir/F706A2924F4DBC9F10AB6DB46B43FDE4/'.
[2017.06.28-05.56.26:784][  0]LogShaderCompilers:Display: Using Local Shader Compiler.
[2017.06.28-05.56.27:835][  0]LogTemp:Display: Loaded TP AllDesktopTargetPlatform
[2017.06.28-05.56.27:890][  0]LogTemp:Display: Loaded TP MacClientTargetPlatform
[2017.06.28-05.56.27:946][  0]LogTemp:Display: Loaded TP MacNoEditorTargetPlatform
[2017.06.28-05.56.28:000][  0]LogTemp:Display: Loaded TP MacServerTargetPlatform
[2017.06.28-05.56.28:057][  0]LogTemp:Display: Loaded TP MacTargetPlatform
[2017.06.28-05.56.28:113][  0]LogTemp:Display: Loaded TP WindowsClientTargetPlatform
[2017.06.28-05.56.28:169][  0]LogTemp:Display: Loaded TP WindowsNoEditorTargetPlatform
[2017.06.28-05.56.28:224][  0]LogTemp:Display: Loaded TP WindowsServerTargetPlatform
[2017.06.28-05.56.28:268][  0]LogTemp:Display: Loaded TP WindowsTargetPlatform
[2017.06.28-05.56.28:324][  0]LogTemp:Display: Loaded TP AndroidTargetPlatform
[2017.06.28-05.56.28:377][  0]LogTemp:Display: Loaded TP Android_ASTCTargetPlatform
[2017.06.28-05.56.28:431][  0]LogTemp:Display: Loaded TP Android_ATCTargetPlatform
[2017.06.28-05.56.28:484][  0]LogTemp:Display: Loaded TP Android_DXTTargetPlatform
[2017.06.28-05.56.28:539][  0]LogTemp:Display: Loaded TP Android_ETC1TargetPlatform
[2017.06.28-05.56.28:593][  0]LogTemp:Display: Loaded TP Android_ETC2TargetPlatform
[2017.06.28-05.56.28:700][  0]LogTemp:Display: Loaded TP Android_MultiTargetPlatform
[2017.06.28-05.56.28:700][  0]LogTemp:Display: Loaded TP Android_PVRTCTargetPlatform
[2017.06.28-05.56.28:738][  0]LogTemp:Display: Loaded TP HTML5TargetPlatform
[2017.06.28-05.56.28:836][  0]LogTemp:Display: Loaded TP IOSTargetPlatform
[2017.06.28-05.56.28:871][  0]LogTemp:Display: Loaded TP TVOSTargetPlatform
[2017.06.28-05.56.28:926][  0]LogTemp:Display: Loaded TP LinuxClientTargetPlatform
[2017.06.28-05.56.28:979][  0]LogTemp:Display: Loaded TP LinuxNoEditorTargetPlatform
[2017.06.28-05.56.29:032][  0]LogTemp:Display: Loaded TP LinuxServerTargetPlatform
[2017.06.28-05.56.29:086][  0]LogTemp:Display: Loaded TP LinuxTargetPlatform
[2017.06.28-05.56.29:086][  0]LogTargetPlatformManager:Display: Building Assets For Windows
[2017.06.28-05.56.29:552][  0]LogDerivedDataCache:Display: Max Cache Size: 512 MB
[2017.06.28-05.56.29:601][  0]LogDerivedDataCache: Loaded boot cache 0.05s 52MB C:/Users/CIEN/AppData/Local/UnrealEngine/4.15/DerivedDataCache/Boot.ddc.
[2017.06.28-05.56.29:601][  0]LogDerivedDataCache:Display: Loaded Boot cache: C:/Users/CIEN/AppData/Local/UnrealEngine/4.15/DerivedDataCache/Boot.ddc
[2017.06.28-05.56.29:601][  0]LogDerivedDataCache: FDerivedDataBackendGraph:  Pak pak cache file ../../../../../../Users/CIEN/Documents/Git/Runnessance/Runnessance/DerivedDataCache/DDC.ddp not found, will not use a pak cache.
[2017.06.28-05.56.29:601][  0]LogDerivedDataCache: Unable to find inner node Pak for hierarchical cache Hierarchy.
[2017.06.28-05.56.29:601][  0]LogDerivedDataCache: FDerivedDataBackendGraph:  CompressedPak pak cache file ../../../../../../Users/CIEN/Documents/Git/Runnessance/Runnessance/DerivedDataCache/Compressed.ddp not found, will not use a pak cache.
[2017.06.28-05.56.29:601][  0]LogDerivedDataCache: Unable to find inner node CompressedPak for hierarchical cache Hierarchy.
[2017.06.28-05.56.29:618][  0]LogDerivedDataCache:Display: Pak cache opened for reading ../../../Engine/DerivedDataCache/Compressed.ddp.
[2017.06.28-05.56.29:630][  0]LogDerivedDataCache: Using Local data cache path C:/Users/CIEN/AppData/Local/UnrealEngine/Common/DerivedDataCache: Writable
[2017.06.28-05.56.29:639][  0]LogSlate: Using Freetype 2.6.0
[2017.06.28-05.56.29:640][  0]LogSlate: SlateFontCache - WITH_FREETYPE: 1, WITH_HARFBUZZ: 1
[2017.06.28-05.56.29:640][  0]LogSlate: SlateFontCache - WITH_FREETYPE: 1, WITH_HARFBUZZ: 1
[2017.06.28-05.56.29:893][  0]LogInit: Selected Device Profile: [Windows]
[2017.06.28-05.56.29:895][  0]LogContentStreaming: Texture pool size is 0.00 MB
[2017.06.28-05.56.30:100][  0]LogMeshUtilities: Using QuadricMeshReduction for automatic static mesh reduction
[2017.06.28-05.56.30:143][  0]LogSimplygon: Simplygon DLL not present - disabling.
[2017.06.28-05.56.30:192][  0]LogMeshUtilities: Using SimplygonSwarm for distributed automatic mesh merging
[2017.06.28-05.56.30:192][  0]LogMeshUtilities: No automatic skeletal mesh reduction module available
[2017.06.28-05.56.30:192][  0]LogMeshUtilities: No automatic mesh merging module available
[2017.06.28-05.56.30:702][  0]LogNetVersion: GetLocalNetworkVersion: CL: 3299760, ProjectName: runnessance, ProjectVersion: , EngineNetworkVersion: 2, GameNetworkVersion: 0, NetworkChecksum: 4087376169
[2017.06.28-05.56.30:746][  0]LogAssetRegistry: FAssetRegistry took 0.0212 seconds to start up
[2017.06.28-05.56.30:806][  0]LogPackageLocalizationCache: Processed 3 localized package path(s) for 2 prioritized culture(s) in 0.036716 seconds
[2017.06.28-05.56.30:812][  0]LogUObjectArray: 32493 objects as part of root set at end of initial load.
[2017.06.28-05.56.30:812][  0]LogUObjectAllocator: 7077032 out of 0 bytes used by permanent object pool.
[2017.06.28-05.56.30:812][  0]LogUObjectArray: CloseDisregardForGC: 0/0 objects in disregard for GC pool
[2017.06.28-05.56.30:886][  0]LogInit: WinSock: version 1.1 (2.2), MaxSocks=32767, MaxUdp=65467
[2017.06.28-05.56.32:545][  0]LogTcpMessaging: Initializing TcpMessaging bridge
[2017.06.28-05.56.32:611][  0]LogUdpMessaging: Initializing bridge on interface 0.0.0.0:0 to multicast group 230.0.0.1:6666.
[2017.06.28-05.56.33:082][  0]LogMaterial: Uniform references updated for custom material expression Custom.
[2017.06.28-05.56.33:480][  0]SourceControl: 정보 소스 콘트롤이 꺼졌습니다.
[2017.06.28-05.56.33:516][  0]SourceControl: 정보 소스 콘트롤이 꺼졌습니다.
[2017.06.28-05.56.33:571][  0]SourceControl: 정보 소스 콘트롤이 꺼졌습니다.
[2017.06.28-05.56.33:619][  0]SourceControl: 정보 소스 콘트롤이 꺼졌습니다.
[2017.06.28-05.56.33:938][  0]LogLinker:Warning: '/Game/FirstPersonBP/FirstPersonOverview' 파일을 찾을 수 없습니다.
[2017.06.28-05.56.33:938][  0]LogLinker:Warning: '/Game/FirstPersonBP/FirstPersonOverview' 파일을 찾을 수 없습니다.
[2017.06.28-05.56.33:938][  0]LogUObjectGlobals:Warning: 'Class /Game/FirstPersonBP/FirstPersonOverview.FirstPersonOverview_C' 오브젝트를 찾는 데 실패했습니다.
[2017.06.28-05.56.34:943][  0]LogEngine: Initializing Engine...
[2017.06.28-05.56.34:944][  0]LogHMD: Failed to initialize OpenVR with code 110
[2017.06.28-05.56.35:054][  0]LogStats: UGameplayTagsManager::ConstructGameplayTagTree: Construct from data asset -  0.000 s
[2017.06.28-05.56.35:054][  0]LogStats: UGameplayTagsManager::ConstructGameplayTagTree: GameplayTagTreeChangedEvent.Broadcast -  0.000 s
[2017.06.28-05.56.35:174][  0]LogAIModule: Creating AISystem for world Untitled
[2017.06.28-05.56.35:182][  0]LogInit: XAudio2 using 'LG IPS FULLHD-0(NVIDIA High Definition Audio)' : 2 channels at 48 kHz using 16 bits per sample (channel mask 0x3)
[2017.06.28-05.56.35:193][  0]LogInit: FAudioDevice initialized.
[2017.06.28-05.56.35:218][  0]LogDerivedDataCache: Saved boot cache 0.02s 52MB C:/Users/CIEN/AppData/Local/UnrealEngine/4.15/DerivedDataCache/Boot.ddc.
[2017.06.28-05.56.35:226][  0]LogInit: Texture streaming: Enabled
[2017.06.28-05.56.35:324][  0]LogEngineSessionManager: EngineSessionManager initialized
[2017.06.28-05.56.35:416][  0]LogInit: Transaction tracking system initialized
[2017.06.28-05.56.35:769][  0]BlueprintLog: New page: 에디터 로드
[2017.06.28-05.56.36:843][  0]LocalizationService: 정보 현지화 서비스가 비활성화되었습니다.
[2017.06.28-05.56.37:791][  0]LogConsoleResponse:Display: 
[2017.06.28-05.56.37:910][  0]LogFileCache: Scanning file cache for directory 'C:/Users/CIEN/Documents/Git/Runnessance/Runnessance/Content/' took 0.01s
[2017.06.28-05.56.37:910][  0]LogCook:Display: Max memory allowance for cook 16384mb min free memory 0mb
[2017.06.28-05.56.37:910][  0]LogCook:Display: Mobile HDR setting 1
[2017.06.28-05.56.38:980][  0]SourceControl: 정보 소스 콘트롤이 꺼졌습니다.
[2017.06.28-05.56.38:981][  0]Cmd: MAP LOAD FILE="../../../Engine/Content/Maps/Templates/Template_Default.umap" TEMPLATE=1 SHOWPROGRESS=1 FEATURELEVEL=3
[2017.06.28-05.56.38:981][  0]LightingResults: New page: 라이팅 빌드
[2017.06.28-05.56.39:022][  0]MapCheck: New page: 맵 체크
[2017.06.28-05.56.39:022][  0]LightingResults: New page: 라이팅 빌드
[2017.06.28-05.56.39:217][  0]LogAIModule: Creating AISystem for world Untitled_1
[2017.06.28-05.56.39:235][  0]LogActorComponent: RegisterComponentWithWorld: (/Temp/Untitled_1.Untitled_1:PersistentLevel.WorldSettings_1.StaticMeshComponent0) Trying to register component with IsPendingKill() == true. Aborting.
[2017.06.28-05.56.39:239][  0]LogEditorServer: Finished looking for orphan Actors (0.000 secs)
[2017.06.28-05.56.39:243][  0]Cmd: MAP CHECKDEP NOCLEARLOG
[2017.06.28-05.56.39:280][  0]MapCheck: 정보 맵 체크 완료: 오류 0 회, 경고 0 회, 소요 시간 36.642ms.
[2017.06.28-05.56.39:280][  0]LogFileHelpers: Loading map 'Template_Default' took 0.299
[2017.06.28-05.56.39:346][  0]LogWindowsTextInputMethodSystem:Display: IME system now activated using TSF (Microsoft 입력기).
[2017.06.28-05.56.39:566][  0]LogCollectionManager: Loaded 0 collections in 0.001640 seconds
[2017.06.28-05.56.39:673][  0]LogFileCache: Scanning file cache for directory 'C:/Users/CIEN/Documents/Git/Runnessance/Runnessance/Saved/Collections/' took 0.01s
[2017.06.28-05.56.39:673][  0]LogFileCache: Scanning file cache for directory 'C:/Users/CIEN/Documents/Git/Runnessance/Runnessance/Content/Developers/CIEN/Collections/' took 0.01s
[2017.06.28-05.56.39:673][  0]LogFileCache: Scanning file cache for directory 'C:/Users/CIEN/Documents/Git/Runnessance/Runnessance/Content/Collections/' took 0.01s
[2017.06.28-05.56.39:673][  0]LogCollectionManager: Rebuilt the GUID cache for 0 collections in 0.000002 seconds
[2017.06.28-05.56.39:682][  0]LogContentBrowser: Native class hierarchy populated in 0.0090 seconds. Added 2245 classes and 453 folders.
[2017.06.28-05.56.39:751][  0]LogContentBrowser: Native class hierarchy updated for 'WidgetCarousel' in 0.0007 seconds. Added 0 classes and 0 folders.
[2017.06.28-05.56.41:774][  0]LogContentBrowser: Native class hierarchy updated for 'AddContentDialog' in 0.0005 seconds. Added 0 classes and 0 folders.
[2017.06.28-05.56.41:816][  0]LogContentBrowser: Native class hierarchy updated for 'SceneOutliner' in 0.0007 seconds. Added 1 classes and 2 folders.
[2017.06.28-05.56.41:866][  0]LogCrashTracker: Crashtracker disabled due to settings.
[2017.06.28-05.56.41:876][  0]LogUObjectGlobals:Warning: 'Class 없음.' 오브젝트를 찾는 데 실패했습니다.
[2017.06.28-05.56.41:940][  0]LogContentBrowser: Native class hierarchy updated for 'HierarchicalLODOutliner' in 0.0005 seconds. Added 1 classes and 2 folders.
[2017.06.28-05.56.41:940][  0]LogLoad: (Engine Initialization) Total time: 17.86 seconds
[2017.06.28-05.56.41:940][  0]LogLoad: (Engine Initialization) Total Blueprint compile time: 0.09 seconds
[2017.06.28-05.56.41:940][  0]LogExternalProfiler: Found external profiler: VSPerf
[2017.06.28-05.56.41:940][  0]LogExternalProfiler: Using external profiler: VSPerf
[2017.06.28-05.56.41:956][  0]LogOcInput: OculusInput pre-init called
[2017.06.28-05.56.42:015][  0]LogContentStreaming: Texture pool size now 1000 MB
[2017.06.28-05.56.42:016][  0]LogSlate: Took 0.000163 seconds to synchronously load lazily loaded font '../../../Engine/Content/Slate/Fonts/Roboto-Regular.ttf' (155K)
[2017.06.28-05.56.42:020][  0]LogSlate: Took 0.002495 seconds to synchronously load lazily loaded font '../../../Engine/Content/Slate/Fonts/NanumGothic.ttf' (4243K)
[2017.06.28-05.56.42:022][  0]LogSlate: Took 0.000183 seconds to synchronously load lazily loaded font '../../../Engine/Content/Slate/Fonts/Roboto-Bold.ttf' (160K)
[2017.06.28-05.56.42:049][  0]LogSlate: Took 0.020703 seconds to synchronously load lazily loaded font '../../../Engine/Content/Editor/Slate/Fonts/FontAwesome.ttf' (139K)
[2017.06.28-05.56.42:309][  0]LogRenderer: Reallocating scene render targets to support 1040x576 NumSamples 1 (Frame:2).
[2017.06.28-05.56.49:546][838]LogAssetRegistry: Asset discovery search completed in 18.8214 seconds
[2017.06.28-05.56.49:546][838]LogCollectionManager: Rebuilt the object cache for 0 collections in 0.000005 seconds (found 0 objects)
[2017.06.28-05.56.49:546][838]LogCollectionManager: Fixed up redirectors for 0 collections in 0.000018 seconds (updated 0 objects)
[2017.06.28-05.57.04:451][624]LogEditorViewport: Clicking on Actor (LMB): StaticMeshActor (Floor)
